<?xml version="1.0" encoding="UTF-8"?>
<testng-results skipped="0" failed="1" total="5" passed="4">
  <reporter-output>
  </reporter-output>
  <suite name="Suite" duration-ms="138145" started-at="2021-11-16T10:51:26Z" finished-at="2021-11-16T10:53:44Z">
    <groups>
      <group name="Sanity">
        <method signature="Ftpinbound.FTPboundTest()[pri:0, instance:com.app.testcases.Ftpinbound@7fa833]" name="FTPboundTest" class="com.app.testcases.Ftpinbound"/>
        <method signature="GlobalIntegraTest.globalIntegraTest(java.util.HashMap)[pri:0, instance:com.app.testcases.GlobalIntegraTest@17e2f02]" name="globalIntegraTest" class="com.app.testcases.GlobalIntegraTest"/>
        <method signature="LoginPageTest.loginTest(java.lang.String, java.lang.String, java.lang.String, java.lang.String)[pri:0, instance:com.app.testcases.LoginPageTest@1933fd1]" name="loginTest" class="com.app.testcases.LoginPageTest"/>
      </group> <!-- Sanity -->
      <group name="Smoke">
        <method signature="Ftpinbound.FTPboundTest()[pri:0, instance:com.app.testcases.Ftpinbound@7fa833]" name="FTPboundTest" class="com.app.testcases.Ftpinbound"/>
        <method signature="GlobalIntegraTest.globalIntegraTest(java.util.HashMap)[pri:0, instance:com.app.testcases.GlobalIntegraTest@17e2f02]" name="globalIntegraTest" class="com.app.testcases.GlobalIntegraTest"/>
        <method signature="LoginPageTest.loginTest(java.lang.String, java.lang.String, java.lang.String, java.lang.String)[pri:0, instance:com.app.testcases.LoginPageTest@1933fd1]" name="loginTest" class="com.app.testcases.LoginPageTest"/>
      </group> <!-- Smoke -->
    </groups>
    <test name="Sanity" duration-ms="138145" started-at="2021-11-16T10:51:26Z" finished-at="2021-11-16T10:53:44Z">
      <class name="com.app.testcases.LoginPageTest">
        <test-method status="PASS" signature="launchBrowser()[pri:0, instance:com.app.testcases.LoginPageTest@1933fd1]" name="launchBrowser" is-config="true" duration-ms="5144" started-at="2021-11-16T16:21:21Z" finished-at="2021-11-16T16:21:26Z">
          <reporter-output>
          </reporter-output>
        </test-method> <!-- launchBrowser -->
        <test-method status="PASS" signature="beforeTCEXECUtion(java.lang.reflect.Method)[pri:0, instance:com.app.testcases.LoginPageTest@1933fd1]" name="beforeTCEXECUtion" is-config="true" duration-ms="1" started-at="2021-11-16T16:21:28Z" finished-at="2021-11-16T16:21:28Z">
          <params>
            <param index="0">
              <value>
                <![CDATA[public void com.app.testcases.LoginPageTest.loginTest(java.lang.String,java.lang.String,java.lang.String,java.lang.String) throws java.lang.Throwable]]>
              </value>
            </param>
          </params>
          <reporter-output>
          </reporter-output>
        </test-method> <!-- beforeTCEXECUtion -->
        <test-method status="PASS" signature="loginTest(java.lang.String, java.lang.String, java.lang.String, java.lang.String)[pri:0, instance:com.app.testcases.LoginPageTest@1933fd1]" name="loginTest" duration-ms="7565" started-at="2021-11-16T16:21:28Z" data-provider="credentials" finished-at="2021-11-16T16:21:35Z">
          <params>
            <param index="0">
              <value>
                <![CDATA[proqa1]]>
              </value>
            </param>
            <param index="1">
              <value>
                <![CDATA[Test@123]]>
              </value>
            </param>
            <param index="2">
              <value>
                <![CDATA[test]]>
              </value>
            </param>
            <param index="3">
              <value>
                <![CDATA[test]]>
              </value>
            </param>
          </params>
          <reporter-output>
          </reporter-output>
        </test-method> <!-- loginTest -->
        <test-method status="PASS" signature="beforeTCExecution(org.testng.ITestResult)[pri:0, instance:com.app.testcases.LoginPageTest@1933fd1]" name="beforeTCExecution" is-config="true" duration-ms="2048" started-at="2021-11-16T16:21:35Z" finished-at="2021-11-16T16:21:37Z">
          <params>
            <param index="0">
              <value>
                <![CDATA[[TestResult name=loginTest status=SUCCESS method=LoginPageTest.loginTest(java.lang.String, java.lang.String, java.lang.String, java.lang.String)[pri:0, instance:com.app.testcases.LoginPageTest@1933fd1] output={null}]]]>
              </value>
            </param>
          </params>
          <reporter-output>
          </reporter-output>
        </test-method> <!-- beforeTCExecution -->
        <test-method status="SKIP" signature="tearDown()[pri:0, instance:com.app.testcases.LoginPageTest@1933fd1]" name="tearDown" is-config="true" duration-ms="0" started-at="2021-11-16T16:23:44Z" finished-at="2021-11-16T16:23:44Z">
          <reporter-output>
          </reporter-output>
        </test-method> <!-- tearDown -->
      </class> <!-- com.app.testcases.LoginPageTest -->
      <class name="com.app.testcases.GlobalIntegraTest">
        <test-method status="PASS" signature="beforeTCEXECUtion(java.lang.reflect.Method)[pri:0, instance:com.app.testcases.GlobalIntegraTest@17e2f02]" name="beforeTCEXECUtion" is-config="true" duration-ms="0" started-at="2021-11-16T16:21:39Z" finished-at="2021-11-16T16:21:39Z">
          <params>
            <param index="0">
              <value>
                <![CDATA[public void com.app.testcases.GlobalIntegraTest.globalIntegraTest(java.util.HashMap) throws java.lang.Throwable]]>
              </value>
            </param>
          </params>
          <reporter-output>
          </reporter-output>
        </test-method> <!-- beforeTCEXECUtion -->
        <test-method status="PASS" signature="globalIntegraTest(java.util.HashMap)[pri:0, instance:com.app.testcases.GlobalIntegraTest@17e2f02]" name="globalIntegraTest" duration-ms="55916" started-at="2021-11-16T16:21:39Z" data-provider="globalintegration" finished-at="2021-11-16T16:22:35Z">
          <params>
            <param index="0">
              <value>
                <![CDATA[{UserName=sftptester, Encryptedkey=-----BEGIN RSA PRIVATE KEY-----
MIIEpAIBAAKCAQEAxPiQxNlso4ltz9uy4O3nurBcGVfsPIjjm0UTF6Z35QBIbK5i
+gJPE6PwQx8dA0XiPupSWTLw07Mjj2jQ8xgDCFNLWMyAU092NK1vBHj/jGYmnm1t
YTimxfmGmyB6bkwQI+Dou/Q2GL+uMEFQ7pzflVoKJsDfc3MAT4yf0fY/5IERRus3
wSgVDBkdAxfc8PNuPr61kaC5/I9a3yMrEUvXWQFJStr9gaP/JsE3df6kTM1rydpV
YjTbbXY72Q//xrugjFxmq9tHeQkescfdjLRH8H4GCasd/gkxs109G//nJy9GVIZ1
G4oVqoq1FbNhRy3OvJW1NUejWe6Gpk4/yFtxSwIDAQABAoIBAQCM3tTy5ClNgKFX
0mHJenyLyUvlGDutQ52805cHCBihYCVsDQBem74gZtQTvTHLwHRB2OYSQ1t3nJvn
Geiuo1Kv5ppxpLh2XNNGc299vGfP6tLd5ZcfvBuSZZY+ZekJ7z5v2o+4tLzn0Fbs
zhnqvakuMJooAzMMZ4gmXIWE7V/etKoBQ20jhPEBUZJExnyxKV0vVno48RWXuGhj
0jPEdj3pnYG2HphfS8EvYzsSggKmHIOkiPt2kNgjhTlSOPcm0bEkgS9YbCW1l7d0
K+d2qJb0Vw6h/QVs+/ZMB4tHKu3sAL16HvKqYVbVZHE2akElS0nFheEPPGb7N/jJ
VLpsAyq5AoGBAPNTffMr/VQjMZ/BAOBw4yn7PdecF4RxFlxnQo4ylkX+ovEps9St
tyVHWJOSHtkOqt33LDae/jj3tFG/eXbp3iX4zBv8lvuXY2dWZwPZu/uL17Ctzzog
rzwBJrb3wiZ7Gm2+eu7RiCOwSVEz+WHNHr3d+NkZPjH/WhhVF3tF5453AoGBAM86
+Vr7WI2no1g8dykdOJbXnklj8zV2xby2YQWc2zVdvHXPm0vnc0/+hx63bPVvOCKJ
XO43D9znm1EYm9o03dQdt9M3IyR/cR0HaYD9rnv7ccqDoNGHhGFIYAbKVVpCJAhd
36EWnhScv3ePtw/ZKEb22qbDdHRjH1BDx9LMj4TNAoGBALUwScxmyEf7wPsFvAJk
7TMYq88+o2By2UTLe4rpbm8Gkwzjkc5f4M34l6OjnibhPij04k52DDYddX+eBfOf
aFV8M3jvmPoVm+aaNzFt1AYW9vDQLExLhFE5RjveuArxhheMTHxDOI3iumWmPyAt
nqOhg6kdm+udCtitnEOmJSw3AoGABnXFLjPlp8zRB8AiytJRYEpqcck+3KzOLzrU
PXONVdWNOXL2WWBmtNivZ6K6L9B+xHzZu8dVpEJIEjgdK6k4PROMFnaCjvG2GfyQ
Kmg+FzlYa8K8saty0gGKlMub64tiSix6+y+UT/ou8dA2GbVgTw4E9Ovk5nfskvj5
8rVTyAUCgYBgJyuVKXtXRd29nvG0TFhaJrGhOJQHCtp/LPLj89ZAe/wQfYV5wrbO
20SnR4QCvVu6Qmm3g3zyqiktym/MYyIWrGZnCm1+XrZBe0g0oqEyBQrnPoRfJc2D
U6oWR5szVyGS7srJLLdNWj/sH/Atp5XxIjfcGBYfElg+OfVet/v3rA==
-----END RSA PRIVATE KEY-----
, Port=22, FolderPath=/local/suri, ServerAddress=10.0.0.139, Name=Sftp_Auto15}]]>
              </value>
            </param>
          </params>
          <reporter-output>
          </reporter-output>
        </test-method> <!-- globalIntegraTest -->
        <test-method status="PASS" signature="beforeTCExecution(org.testng.ITestResult)[pri:0, instance:com.app.testcases.GlobalIntegraTest@17e2f02]" name="beforeTCExecution" is-config="true" duration-ms="296" started-at="2021-11-16T16:22:35Z" finished-at="2021-11-16T16:22:35Z">
          <params>
            <param index="0">
              <value>
                <![CDATA[[TestResult name=globalIntegraTest status=SUCCESS method=GlobalIntegraTest.globalIntegraTest(java.util.HashMap)[pri:0, instance:com.app.testcases.GlobalIntegraTest@17e2f02] output={null}]]]>
              </value>
            </param>
          </params>
          <reporter-output>
          </reporter-output>
        </test-method> <!-- beforeTCExecution -->
      </class> <!-- com.app.testcases.GlobalIntegraTest -->
      <class name="com.app.testcases.WriteExcelDatautils">
        <test-method status="PASS" signature="inRandoutward()[pri:0, instance:com.app.testcases.WriteExcelDatautils@c0edeb]" name="inRandoutward" duration-ms="599" started-at="2021-11-16T16:21:37Z" finished-at="2021-11-16T16:21:38Z">
          <reporter-output>
          </reporter-output>
        </test-method> <!-- inRandoutward -->
        <test-method status="PASS" signature="inRandpanindia()[pri:0, instance:com.app.testcases.WriteExcelDatautils@c0edeb]" name="inRandpanindia" duration-ms="584" started-at="2021-11-16T16:21:38Z" finished-at="2021-11-16T16:21:39Z">
          <reporter-output>
          </reporter-output>
        </test-method> <!-- inRandpanindia -->
      </class> <!-- com.app.testcases.WriteExcelDatautils -->
      <class name="com.app.testcases.Ftpinbound">
        <test-method status="PASS" signature="beforeTCEXECUtion(java.lang.reflect.Method)[pri:0, instance:com.app.testcases.Ftpinbound@7fa833]" name="beforeTCEXECUtion" is-config="true" duration-ms="0" started-at="2021-11-16T16:22:35Z" finished-at="2021-11-16T16:22:35Z">
          <params>
            <param index="0">
              <value>
                <![CDATA[public void com.app.testcases.Ftpinbound.FTPboundTest() throws java.lang.Throwable]]>
              </value>
            </param>
          </params>
          <reporter-output>
          </reporter-output>
        </test-method> <!-- beforeTCEXECUtion -->
        <test-method status="FAIL" signature="FTPboundTest()[pri:0, instance:com.app.testcases.Ftpinbound@7fa833]" name="FTPboundTest" duration-ms="44009" started-at="2021-11-16T16:22:35Z" finished-at="2021-11-16T16:23:19Z">
          <exception class="java.lang.NullPointerException">
            <full-stacktrace>
              <![CDATA[java.lang.NullPointerException
	at sun.reflect.NativeMethodAccessorImpl.invoke0(Native Method)
	at sun.reflect.NativeMethodAccessorImpl.invoke(NativeMethodAccessorImpl.java:62)
	at sun.reflect.DelegatingMethodAccessorImpl.invoke(DelegatingMethodAccessorImpl.java:43)
	at java.lang.reflect.Method.invoke(Method.java:498)
	at org.openqa.selenium.support.pagefactory.internal.LocatingElementHandler.invoke(LocatingElementHandler.java:51)
	at com.sun.proxy.$Proxy12.toString(Unknown Source)
	at java.lang.String.valueOf(String.java:2994)
	at java.lang.StringBuilder.append(StringBuilder.java:131)
	at org.openqa.selenium.support.ui.ExpectedConditions$10.toString(ExpectedConditions.java:305)
	at java.lang.String.valueOf(String.java:2994)
	at java.lang.StringBuilder.append(StringBuilder.java:131)
	at org.openqa.selenium.support.ui.FluentWait.until(FluentWait.java:268)
	at com.app.actiondriver.Action.explicitWait(Action.java:777)
	at com.pageObjects.AppIntegrationpage.AppIntegrationcreation(AppIntegrationpage.java:144)
	at com.app.testcases.Ftpinbound.FTPboundTest(Ftpinbound.java:21)
	at sun.reflect.NativeMethodAccessorImpl.invoke0(Native Method)
	at sun.reflect.NativeMethodAccessorImpl.invoke(NativeMethodAccessorImpl.java:62)
	at sun.reflect.DelegatingMethodAccessorImpl.invoke(DelegatingMethodAccessorImpl.java:43)
	at java.lang.reflect.Method.invoke(Method.java:498)
	at org.testng.internal.MethodInvocationHelper.invokeMethod(MethodInvocationHelper.java:85)
	at org.testng.internal.Invoker.invokeMethod(Invoker.java:663)
	at org.testng.internal.Invoker.invokeTestMethod(Invoker.java:849)
	at org.testng.internal.Invoker.invokeTestMethods(Invoker.java:1157)
	at org.testng.internal.TestMethodWorker.invokeTestMethods(TestMethodWorker.java:124)
	at org.testng.internal.TestMethodWorker.run(TestMethodWorker.java:108)
	at org.testng.TestRunner.privateRun(TestRunner.java:771)
	at org.testng.TestRunner.run(TestRunner.java:621)
	at org.testng.SuiteRunner.runTest(SuiteRunner.java:357)
	at org.testng.SuiteRunner.runSequentially(SuiteRunner.java:352)
	at org.testng.SuiteRunner.privateRun(SuiteRunner.java:310)
	at org.testng.SuiteRunner.run(SuiteRunner.java:259)
	at org.testng.SuiteRunnerWorker.runSuite(SuiteRunnerWorker.java:52)
	at org.testng.SuiteRunnerWorker.run(SuiteRunnerWorker.java:86)
	at org.testng.TestNG.runSuitesSequentially(TestNG.java:1200)
	at org.testng.TestNG.runSuitesLocally(TestNG.java:1125)
	at org.testng.TestNG.run(TestNG.java:1033)
	at org.testng.remote.RemoteTestNG.run(RemoteTestNG.java:111)
	at org.testng.remote.RemoteTestNG.initAndRun(RemoteTestNG.java:204)
	at org.testng.remote.RemoteTestNG.main(RemoteTestNG.java:175)
]]>
            </full-stacktrace>
          </exception> <!-- java.lang.NullPointerException -->
          <reporter-output>
          </reporter-output>
        </test-method> <!-- FTPboundTest -->
        <test-method status="FAIL" signature="beforeTCExecution(org.testng.ITestResult)[pri:0, instance:com.app.testcases.Ftpinbound@7fa833]" name="beforeTCExecution" is-config="true" duration-ms="0" started-at="2021-11-16T16:23:32Z" finished-at="2021-11-16T16:23:32Z">
          <params>
            <param index="0">
              <value>
                <![CDATA[[TestResult name=FTPboundTest status=FAILURE method=Ftpinbound.FTPboundTest()[pri:0, instance:com.app.testcases.Ftpinbound@7fa833] output={null}]]]>
              </value>
            </param>
          </params>
          <exception class="org.openqa.selenium.WebDriverException">
            <message>
              <![CDATA[chrome not reachable
  (Session info: chrome=95.0.4638.69)
Build info: version: '3.141.59', revision: 'e82be7d358', time: '2018-11-14T08:17:03'
System info: host: 'AIPLLTH372', ip: '192.168.1.6', os.name: 'Windows 10', os.arch: 'x86', os.version: '10.0', java.version: '1.8.0_281'
Driver info: org.openqa.selenium.chrome.ChromeDriver
Capabilities {acceptInsecureCerts: false, browserName: chrome, browserVersion: 95.0.4638.69, chrome: {chromedriverVersion: 95.0.4638.17 (a9d0719444d4b..., userDataDir: C:\Users\PPGOVI~1\AppData\L...}, goog:chromeOptions: {debuggerAddress: localhost:49788}, javascriptEnabled: true, networkConnectionEnabled: false, pageLoadStrategy: normal, platform: WINDOWS, platformName: WINDOWS, proxy: Proxy(), setWindowRect: true, strictFileInteractability: false, timeouts: {implicit: 0, pageLoad: 300000, script: 30000}, unhandledPromptBehavior: dismiss and notify, webauthn:extension:credBlob: true, webauthn:extension:largeBlob: true, webauthn:virtualAuthenticators: true}
Session ID: c9c5d5d63eb9321a291e640e9ef88175]]>
            </message>
            <full-stacktrace>
              <![CDATA[org.openqa.selenium.WebDriverException: chrome not reachable
  (Session info: chrome=95.0.4638.69)
Build info: version: '3.141.59', revision: 'e82be7d358', time: '2018-11-14T08:17:03'
System info: host: 'AIPLLTH372', ip: '192.168.1.6', os.name: 'Windows 10', os.arch: 'x86', os.version: '10.0', java.version: '1.8.0_281'
Driver info: org.openqa.selenium.chrome.ChromeDriver
Capabilities {acceptInsecureCerts: false, browserName: chrome, browserVersion: 95.0.4638.69, chrome: {chromedriverVersion: 95.0.4638.17 (a9d0719444d4b..., userDataDir: C:\Users\PPGOVI~1\AppData\L...}, goog:chromeOptions: {debuggerAddress: localhost:49788}, javascriptEnabled: true, networkConnectionEnabled: false, pageLoadStrategy: normal, platform: WINDOWS, platformName: WINDOWS, proxy: Proxy(), setWindowRect: true, strictFileInteractability: false, timeouts: {implicit: 0, pageLoad: 300000, script: 30000}, unhandledPromptBehavior: dismiss and notify, webauthn:extension:credBlob: true, webauthn:extension:largeBlob: true, webauthn:virtualAuthenticators: true}
Session ID: c9c5d5d63eb9321a291e640e9ef88175
	at sun.reflect.NativeConstructorAccessorImpl.newInstance0(Native Method)
	at sun.reflect.NativeConstructorAccessorImpl.newInstance(NativeConstructorAccessorImpl.java:62)
	at sun.reflect.DelegatingConstructorAccessorImpl.newInstance(DelegatingConstructorAccessorImpl.java:45)
	at java.lang.reflect.Constructor.newInstance(Constructor.java:423)
	at org.openqa.selenium.remote.http.W3CHttpResponseCodec.createException(W3CHttpResponseCodec.java:187)
	at org.openqa.selenium.remote.http.W3CHttpResponseCodec.decode(W3CHttpResponseCodec.java:122)
	at org.openqa.selenium.remote.http.W3CHttpResponseCodec.decode(W3CHttpResponseCodec.java:49)
	at org.openqa.selenium.remote.HttpCommandExecutor.execute(HttpCommandExecutor.java:158)
	at org.openqa.selenium.remote.service.DriverCommandExecutor.execute(DriverCommandExecutor.java:83)
	at org.openqa.selenium.remote.RemoteWebDriver.execute(RemoteWebDriver.java:548)
	at org.openqa.selenium.remote.RemoteWebDriver.execute(RemoteWebDriver.java:605)
	at org.openqa.selenium.remote.RemoteWebDriver.getScreenshotAs(RemoteWebDriver.java:294)
	at com.pom.Resources.Screenshot.Takescreenshotone(Screenshot.java:30)
	at com.app.base.BaseClass.beforeTCExecution(BaseClass.java:116)
	at sun.reflect.NativeMethodAccessorImpl.invoke0(Native Method)
	at sun.reflect.NativeMethodAccessorImpl.invoke(NativeMethodAccessorImpl.java:62)
	at sun.reflect.DelegatingMethodAccessorImpl.invoke(DelegatingMethodAccessorImpl.java:43)
	at java.lang.reflect.Method.invoke(Method.java:498)
	at org.testng.internal.MethodInvocationHelper.invokeMethod(MethodInvocationHelper.java:85)
	at org.testng.internal.Invoker.invokeConfigurationMethod(Invoker.java:521)
	at org.testng.internal.Invoker.invokeConfigurations(Invoker.java:213)
	at org.testng.internal.Invoker.invokeMethod(Invoker.java:736)
	at org.testng.internal.Invoker.invokeTestMethod(Invoker.java:849)
	at org.testng.internal.Invoker.invokeTestMethods(Invoker.java:1157)
	at org.testng.internal.TestMethodWorker.invokeTestMethods(TestMethodWorker.java:124)
	at org.testng.internal.TestMethodWorker.run(TestMethodWorker.java:108)
	at org.testng.TestRunner.privateRun(TestRunner.java:771)
	at org.testng.TestRunner.run(TestRunner.java:621)
	at org.testng.SuiteRunner.runTest(SuiteRunner.java:357)
	at org.testng.SuiteRunner.runSequentially(SuiteRunner.java:352)
	at org.testng.SuiteRunner.privateRun(SuiteRunner.java:310)
	at org.testng.SuiteRunner.run(SuiteRunner.java:259)
	at org.testng.SuiteRunnerWorker.runSuite(SuiteRunnerWorker.java:52)
	at org.testng.SuiteRunnerWorker.run(SuiteRunnerWorker.java:86)
	at org.testng.TestNG.runSuitesSequentially(TestNG.java:1200)
	at org.testng.TestNG.runSuitesLocally(TestNG.java:1125)
	at org.testng.TestNG.run(TestNG.java:1033)
	at org.testng.remote.RemoteTestNG.run(RemoteTestNG.java:111)
	at org.testng.remote.RemoteTestNG.initAndRun(RemoteTestNG.java:204)
	at org.testng.remote.RemoteTestNG.main(RemoteTestNG.java:175)
]]>
            </full-stacktrace>
          </exception> <!-- org.openqa.selenium.WebDriverException -->
          <reporter-output>
          </reporter-output>
        </test-method> <!-- beforeTCExecution -->
      </class> <!-- com.app.testcases.Ftpinbound -->
    </test> <!-- Sanity -->
  </suite> <!-- Suite -->
</testng-results>
